SELECT Список_Дисков.ID_Диска, Список_Дисков.[Номер в каталоге], Категории.Категория, Сюжеты.Название,
       Видеозаписи.Номер_Спектакля, Видеозаписи.Дата_Спектакля, МестоНаПолке.[Место на полке],
       Видеозаписи.Комментарий, [Члены труппы].Фамилия, Список_Дисков.Дата_Взятия

FROM [Члены труппы]
INNER JOIN (Сюжеты
  INNER JOIN (МестоНаПолке
    INNER JOIN (Категории
      INNER JOIN (Видеозаписи
        INNER JOIN Список_Дисков ON Видеозаписи.ID_Видеозаписи = Список_Дисков.Видеозапись)
      ON Категории.ID = Видеозаписи.Категория)
    ON МестоНаПолке.ID = Список_Дисков.Место_на_полке)
  ON Сюжеты.ID_Сюжета = Видеозаписи.Сюжет)
ON [Члены труппы].[Табельный номер] = Список_Дисков.Взят

WHERE (FALSE
    OR Видеозаписи.Категория = 1
    OR Видеозаписи.Категория = 2
    OR Видеозаписи.Категория = 3
    OR Видеозаписи.Категория = 4
    OR Видеозаписи.Категория = 5
    OR Видеозаписи.Категория = 6
    OR Видеозаписи.Категория = 7
    OR Видеозаписи.Категория = 8
    OR Видеозаписи.Категория = 9
    OR Видеозаписи.Категория = 10)

ORDER BY [Номер в каталоге];

/*09.02.2014 22:25:53*/
SELECT Видеозаписи.ID_Видеозаписи, Категории.Категория, Сюжеты.Название, Видеозаписи.Номер_Спектакля, Видеозаписи.Дата_Спектакля, МестоНаПолке.
[Место на полке]
FROM МестоНаПолке 
INNER JOIN (Категории
  INNER JOIN (Сюжеты
    INNER JOIN Видеозаписи ON Сюжеты.ID_Сюжета = Видеозаписи.Сюжет) 
  ON Категории.ID = Видеозаписи.Категория) 
ON МестоНаПолке.ID = Видеозаписи.Место_на_полке

/*09.02.2014 22:28:47*/

/*14.02.2014 19:30:35*/
SELECT Count(*) AS Число
FROM Видеозаписи 
WHERE (Видеозаписи.Сюжет = 10)
 AND (Видеозаписи.Категория = 1)
 AND (Видеозаписи.Номер_Спектакля = 10)
 AND (Видеозаписи.Дата_Спектакля = '15.11.2008')
 AND (Видеозаписи.Место_на_полке = 1);

/*14.02.2014 19:34:54*/

/*14.02.2014 19:44:21*/
SELECT Count(*) AS Число
FROM Видеозаписи 
WHERE (Видеозаписи.Сюжет = 10)
 AND (Видеозаписи.Категория = 1)
 AND (Видеозаписи.Номер_Спектакля = 10)
 AND (Видеозаписи.Дата_Спектакля = #11\15\2008#)
 AND (Видеозаписи.Место_на_полке = 1);

/*14.02.2014 19:52:40*/
SELECT Count(*) AS Число
FROM Видеозаписи 
WHERE (Видеозаписи.Сюжет = 10)
 AND (Видеозаписи.Категория = 1)
 AND (Видеозаписи.Номер_Спектакля = 10)
 AND (Видеозаписи.Дата_Спектакля = #11/15/2008#)
 AND (Видеозаписи.Место_на_полке = 1);

/*14.02.2014 19:52:55*/
SELECT Count(*) AS Число
FROM Видеозаписи 
WHERE (Видеозаписи.Сюжет = 10)
 AND (Видеозаписи.Категория = 1)
 AND (Видеозаписи.Номер_Спектакля = 11)
 AND (Видеозаписи.Дата_Спектакля = #11/15/2008#)
 AND (Видеозаписи.Место_на_полке = 1);

/*14.02.2014 20:34:39*/
SELECT Count(*) AS Число
FROM Видеозаписи 
WHERE (Видеозаписи.Сюжет = 92)
 AND (Видеозаписи.Категория = 2)
 AND (Видеозаписи.Номер_Спектакля = )
 AND (Видеозаписи.Дата_Спектакля = #11/18/2002#)
 AND (Видеозаписи.Место_на_полке = 2);

/*14.02.2014 20:40:02*/
SELECT Count(*) AS Число
FROM Видеозаписи 
WHERE (Видеозаписи.Сюжет = 92)
 AND (Видеозаписи.Категория = 2)
 AND (Видеозаписи.Дата_Спектакля = #11/18/2002#)
 AND (Видеозаписи.Место_на_полке = 2);

/*14.02.2014 20:40:02*/
INSERT INTO Видеозаписи
(Сюжет, Категория, Номер_Спектакля, Дата_Спектакля, Место_на_полке)
VALUES (92, 2, , #11/18/2002#, 2);

/*14.02.2014 20:46:47*/
SELECT Count(*) AS Число
FROM Видеозаписи 
WHERE (Видеозаписи.Сюжет = 92)
 AND (Видеозаписи.Категория = 2)
 AND (Видеозаписи.Дата_Спектакля = #11/18/2002#)
 AND (Видеозаписи.Место_на_полке = 2);

/*14.02.2014 20:46:47*/
INSERT INTO Видеозаписи
(Сюжет, Категория, Номер_Спектакля, Дата_Спектакля, Место_на_полке)
VALUES (92, 2, NULL, #11/18/2002#, 2);

/*15.02.2014 13:16:59*/
SELECT MAX([Номер диска]) AS NDisk
FROM Список_дисков

/*15.02.2014 13:17:19*/
SELECT MAX([Номер в каталоге]) AS NDisk
FROM Список_дисков

/*20.02.2014 15:57:53*/
SELECT [Табельный номер], Фамилия & " " & Имя AS Персона
FROM [Члены труппы]
WHERE Действующий=TRUE

/*20.02.2014 15:59:19*/
SELECT [Табельный номер], Фамилия & " " & Имя AS Персона
FROM [Члены труппы]
WHERE Действующий=TRUE

/*20.02.2014 16:10:09*/
SELECT [Табельный номер], Фамилия & " " & Имя AS Персона
FROM [Члены труппы]
WHERE Действующий=TRUE

/*20.02.2014 18:43:07*/
SELECT Count(*) AS Число
FROM Видеозаписи 
WHERE (Видеозаписи.Сюжет = 93)
 AND (Видеозаписи.Категория = 1)
 AND (Видеозаписи.Номер_Спектакля = 23)
 AND (Видеозаписи.Дата_Спектакля = #11/28/2002#)
 AND (Видеозаписи.Место_на_полке = 1);

/*20.02.2014 18:43:07*/
INSERT INTO Видеозаписи
(Сюжет, Категория, Номер_Спектакля, Дата_Спектакля, Место_на_полке)
VALUES (93, 1, 23, #11/28/2002#, 1);

/*20.02.2014 18:43:50*/
SELECT Count(*) AS Число
FROM Видеозаписи 
WHERE (Видеозаписи.Сюжет = 73)
 AND (Видеозаписи.Категория = 1)
 AND (Видеозаписи.Номер_Спектакля = 23)
 AND (Видеозаписи.Дата_Спектакля = #11/28/2002#)
 AND (Видеозаписи.Место_на_полке = 1);

/*20.02.2014 18:43:51*/
INSERT INTO Видеозаписи
(Сюжет, Категория, Номер_Спектакля, Дата_Спектакля, Место_на_полке)
VALUES (73, 1, 23, #11/28/2002#, 1);

/*20.02.2014 21:16:58*/
SELECT Count(*) AS Число
FROM Видеозаписи 
WHERE (Видеозаписи.Сюжет = 15)
 AND (Видеозаписи.Категория = 5)
 AND (Видеозаписи.Номер_Спектакля = 10)
 AND (Видеозаписи.Дата_Спектакля = #5/24/2008#)
 AND (Видеозаписи.Место_на_полке = 3);

/*20.02.2014 21:16:58*/
INSERT INTO Видеозаписи
(Сюжет, Категория, Номер_Спектакля, Дата_Спектакля, Место_на_полке)
VALUES (15, 5, 10, #5/24/2008#, 3);

/*20.02.2014 21:18:55*/
SELECT Count(*) AS Число
FROM Видеозаписи 
WHERE (Видеозаписи.Сюжет = 10)
 AND (Видеозаписи.Категория = 5)
 AND (Видеозаписи.Номер_Спектакля = 10)
 AND (Видеозаписи.Дата_Спектакля = #11/15/2008#)
 AND (Видеозаписи.Место_на_полке = 5);

/*20.02.2014 21:18:55*/
INSERT INTO Видеозаписи
(Сюжет, Категория, Номер_Спектакля, Дата_Спектакля, Место_на_полке)
VALUES (10, 5, 10, #11/15/2008#, 5);

/*20.02.2014 21:20:20*/
